chapter_2/build/outputs/logs/manifest-merger-debug-report.txt
-- Merging decision tree log ---
manifest
ADDED from src/main/AndroidManifest.xml:2:1-144:12
INJECTED from src/main/AndroidManifest.xml:2:1-144:12
INJECTED from src/main/AndroidManifest.xml:2:1-144:12
INJECTED from src/main/AndroidManifest.xml:2:1-144:12
INJECTED from src/main/AndroidManifest.xml:2:1-144:12
INJECTED from src/main/AndroidManifest.xml:2:1-144:12
INJECTED from src/main/AndroidManifest.xml:2:1-144:12
	package
		ADDED from src/main/AndroidManifest.xml:3:5-32
		INJECTED from src/main/AndroidManifest.xml
		INJECTED from src/main/AndroidManifest.xml
	android:versionName
		ADDED from src/main/AndroidManifest.xml:5:5-30
		INJECTED from src/main/AndroidManifest.xml
		INJECTED from src/main/AndroidManifest.xml
	xmlns:android
		ADDED from src/main/AndroidManifest.xml:2:11-69
	android:versionCode
		ADDED from src/main/AndroidManifest.xml:4:5-28
		INJECTED from src/main/AndroidManifest.xml
		INJECTED from src/main/AndroidManifest.xml
permission#com.ryg.chapter_2.permission.ACCESS_BOOK_SERVICE
ADDED from src/main/AndroidManifest.xml:7:5-9:44
	android:protectionLevel
		ADDED from src/main/AndroidManifest.xml:9:9-41
	android:name
		ADDED from src/main/AndroidManifest.xml:8:9-72
permission#com.ryg.PROVIDER
ADDED from src/main/AndroidManifest.xml:10:5-12:44
	android:protectionLevel
		ADDED from src/main/AndroidManifest.xml:12:9-41
	android:name
		ADDED from src/main/AndroidManifest.xml:11:9-40
uses-permission#com.ryg.PROVIDER
ADDED from src/main/AndroidManifest.xml:14:5-56
	android:name
		ADDED from src/main/AndroidManifest.xml:14:22-53
uses-permission#com.ryg.chapter_2.permission.ACCESS_BOOK_SERVICE
ADDED from src/main/AndroidManifest.xml:15:5-88
	android:name
		ADDED from src/main/AndroidManifest.xml:15:22-85
uses-permission#android.permission.SET_WALLPAPER_HINTS
ADDED from src/main/AndroidManifest.xml:16:5-78
	android:name
		ADDED from src/main/AndroidManifest.xml:16:22-75
uses-permission#android.permission.SET_WALLPAPER
ADDED from src/main/AndroidManifest.xml:17:5-72
	android:name
		ADDED from src/main/AndroidManifest.xml:17:22-69
uses-permission#android.permission.BATTERY_STATS
ADDED from src/main/AndroidManifest.xml:18:5-72
	android:name
		ADDED from src/main/AndroidManifest.xml:18:22-69
uses-permission#android.permission.GET_PACKAGE_SIZE
ADDED from src/main/AndroidManifest.xml:19:5-75
	android:name
		ADDED from src/main/AndroidManifest.xml:19:22-72
uses-permission#android.permission.GET_TASKS
ADDED from src/main/AndroidManifest.xml:20:5-68
	android:name
		ADDED from src/main/AndroidManifest.xml:20:22-65
uses-permission#android.permission.RESTART_PACKAGES
ADDED from src/main/AndroidManifest.xml:21:5-75
	android:name
		ADDED from src/main/AndroidManifest.xml:21:22-72
uses-permission#android.permission.READ_PHONE_STATE
ADDED from src/main/AndroidManifest.xml:22:5-75
	android:name
		ADDED from src/main/AndroidManifest.xml:22:22-72
uses-permission#android.permission.INTERNET
ADDED from src/main/AndroidManifest.xml:23:5-67
	android:name
		ADDED from src/main/AndroidManifest.xml:23:22-64
uses-permission#android.permission.ACCESS_NETWORK_STATE
ADDED from src/main/AndroidManifest.xml:24:5-79
	android:name
		ADDED from src/main/AndroidManifest.xml:24:22-76
uses-permission#android.permission.CHANGE_NETWORK_STATE
ADDED from src/main/AndroidManifest.xml:25:5-79
	android:name
		ADDED from src/main/AndroidManifest.xml:25:22-76
uses-permission#android.permission.READ_EXTERNAL_STORAGE
ADDED from src/main/AndroidManifest.xml:26:5-80
	android:name
		ADDED from src/main/AndroidManifest.xml:26:22-77
uses-permission#android.permission.WRITE_EXTERNAL_STORAGE
ADDED from src/main/AndroidManifest.xml:27:5-81
	android:name
		ADDED from src/main/AndroidManifest.xml:27:22-78
uses-permission#android.permission.READ_LOGS
ADDED from src/main/AndroidManifest.xml:28:5-68
	android:name
		ADDED from src/main/AndroidManifest.xml:28:22-65
uses-permission#android.permission.READ_SMS
ADDED from src/main/AndroidManifest.xml:29:5-67
	android:name
		ADDED from src/main/AndroidManifest.xml:29:22-64
uses-permission#android.permission.READ_CONTACTS
ADDED from src/main/AndroidManifest.xml:30:5-72
	android:name
		ADDED from src/main/AndroidManifest.xml:30:22-69
uses-permission#android.permission.WRITE_SMS
ADDED from src/main/AndroidManifest.xml:31:5-68
	android:name
		ADDED from src/main/AndroidManifest.xml:31:22-65
uses-permission#android.permission.CHANGE_WIFI_MULTICAST_STATE
ADDED from src/main/AndroidManifest.xml:32:5-86
	android:name
		ADDED from src/main/AndroidManifest.xml:32:22-83
uses-permission#android.permission.CHANGE_WIFI_STATE
ADDED from src/main/AndroidManifest.xml:33:5-76
	android:name
		ADDED from src/main/AndroidManifest.xml:33:22-73
uses-permission#android.permission.ACCESS_WIFI_STATE
ADDED from src/main/AndroidManifest.xml:34:5-76
	android:name
		ADDED from src/main/AndroidManifest.xml:34:22-73
uses-permission#android.permission.KILL_BACKGROUND_PROCESSES
ADDED from src/main/AndroidManifest.xml:35:5-84
	android:name
		ADDED from src/main/AndroidManifest.xml:35:22-81
uses-permission#android.permission.ACCESS_FINE_LOCATION
ADDED from src/main/AndroidManifest.xml:36:5-79
	android:name
		ADDED from src/main/AndroidManifest.xml:36:22-76
uses-permission#android.permission.RECORD_AUDIO
ADDED from src/main/AndroidManifest.xml:37:5-71
	android:name
		ADDED from src/main/AndroidManifest.xml:37:22-68
uses-permission#android.permission.MODIFY_AUDIO_SETTINGS
ADDED from src/main/AndroidManifest.xml:38:5-80
	android:name
		ADDED from src/main/AndroidManifest.xml:38:22-77
uses-permission#android.permission.CHANGE_CONFIGURATION
ADDED from src/main/AndroidManifest.xml:39:5-79
	android:name
		ADDED from src/main/AndroidManifest.xml:39:22-76
uses-permission#com.android.launcher.permission.INSTALL_SHORTCUT
ADDED from src/main/AndroidManifest.xml:40:5-88
	android:name
		ADDED from src/main/AndroidManifest.xml:40:22-85
uses-permission#android.permission.EXPAND_STATUS_BAR
ADDED from src/main/AndroidManifest.xml:41:5-76
	android:name
		ADDED from src/main/AndroidManifest.xml:41:22-73
application
ADDED from src/main/AndroidManifest.xml:43:5-142:19
	android:label
		ADDED from src/main/AndroidManifest.xml:47:9-41
	android:icon
		ADDED from src/main/AndroidManifest.xml:46:9-45
	android:allowBackup
		ADDED from src/main/AndroidManifest.xml:45:9-35
	android:theme
		ADDED from src/main/AndroidManifest.xml:48:9-40
	android:name
		ADDED from src/main/AndroidManifest.xml:44:9-38
activity#com.ryg.chapter_2.MainActivity
ADDED from src/main/AndroidManifest.xml:49:9-57:20
	android:label
		ADDED from src/main/AndroidManifest.xml:52:13-45
	android:launchMode
		ADDED from src/main/AndroidManifest.xml:53:13-42
	android:configChanges
		ADDED from src/main/AndroidManifest.xml:51:13-59
	android:name
		ADDED from src/main/AndroidManifest.xml:50:13-41
intent-filter#action:name:android.intent.action.MAIN
ADDED from src/main/AndroidManifest.xml:54:13-56:29
action#android.intent.action.MAIN
ADDED from src/main/AndroidManifest.xml:55:17-69
	android:name
		ADDED from src/main/AndroidManifest.xml:55:25-66
activity#com.ryg.chapter_2.SecondActivity
ADDED from src/main/AndroidManifest.xml:58:9-62:41
	android:process
		ADDED from src/main/AndroidManifest.xml:62:13-38
	android:label
		ADDED from src/main/AndroidManifest.xml:61:13-45
	android:configChanges
		ADDED from src/main/AndroidManifest.xml:60:13-49
	android:name
		ADDED from src/main/AndroidManifest.xml:59:13-43
activity#com.ryg.chapter_2.ThirdActivity
ADDED from src/main/AndroidManifest.xml:63:9-67:58
	android:process
		ADDED from src/main/AndroidManifest.xml:67:13-55
	android:label
		ADDED from src/main/AndroidManifest.xml:66:13-45
	android:configChanges
		ADDED from src/main/AndroidManifest.xml:65:13-49
	android:name
		ADDED from src/main/AndroidManifest.xml:64:13-42
activity#com.ryg.chapter_2.aidl.BookManagerActivity
ADDED from src/main/AndroidManifest.xml:68:9-76:20
	android:label
		ADDED from src/main/AndroidManifest.xml:70:13-64
	android:name
		ADDED from src/main/AndroidManifest.xml:69:13-53
intent-filter#action:name:android.intent.action.MAIN+category:name:android.intent.category._LAUNCHER
ADDED from src/main/AndroidManifest.xml:71:13-75:29
category#android.intent.category._LAUNCHER
ADDED from src/main/AndroidManifest.xml:74:17-78
	android:name
		ADDED from src/main/AndroidManifest.xml:74:27-75
activity#com.ryg.chapter_2.messenger.MessengerActivity
ADDED from src/main/AndroidManifest.xml:77:9-83:20
	android:label
		ADDED from src/main/AndroidManifest.xml:79:13-61
	android:name
		ADDED from src/main/AndroidManifest.xml:78:13-56
service#com.ryg.chapter_2.messenger.MessengerService
ADDED from src/main/AndroidManifest.xml:85:9-91:19
	android:process
		ADDED from src/main/AndroidManifest.xml:87:13-38
	android:name
		ADDED from src/main/AndroidManifest.xml:86:13-55
intent-filter#action:name:com.ryg.MessengerService.launch
ADDED from src/main/AndroidManifest.xml:88:13-90:29
action#com.ryg.MessengerService.launch
ADDED from src/main/AndroidManifest.xml:89:17-74
	android:name
		ADDED from src/main/AndroidManifest.xml:89:25-71
service#com.ryg.chapter_2.aidl.BookManagerService
ADDED from src/main/AndroidManifest.xml:92:9-95:19
	android:process
		ADDED from src/main/AndroidManifest.xml:94:13-38
	android:name
		ADDED from src/main/AndroidManifest.xml:93:13-52
activity#com.ryg.chapter_2.provider.ProviderActivity
ADDED from src/main/AndroidManifest.xml:97:9-105:20
	android:label
		ADDED from src/main/AndroidManifest.xml:99:13-60
	android:name
		ADDED from src/main/AndroidManifest.xml:98:13-54
provider#com.ryg.chapter_2.provider.BookProvider
ADDED from src/main/AndroidManifest.xml:107:9-112:20
	android:process
		ADDED from src/main/AndroidManifest.xml:111:13-40
	android:authorities
		ADDED from src/main/AndroidManifest.xml:109:13-66
	android:permission
		ADDED from src/main/AndroidManifest.xml:110:13-50
	android:name
		ADDED from src/main/AndroidManifest.xml:108:13-50
service#com.ryg.chapter_2.socket.TCPServerService
ADDED from src/main/AndroidManifest.xml:114:9-116:41
	android:process
		ADDED from src/main/AndroidManifest.xml:116:13-38
	android:name
		ADDED from src/main/AndroidManifest.xml:115:13-52
activity#com.ryg.chapter_2.socket.TCPClientActivity
ADDED from src/main/AndroidManifest.xml:118:9-127:20
	android:label
		ADDED from src/main/AndroidManifest.xml:120:13-61
	android:windowSoftInputMode
		ADDED from src/main/AndroidManifest.xml:121:13-55
	android:name
		ADDED from src/main/AndroidManifest.xml:119:13-53
service#com.ryg.chapter_2.binderpool.BinderPoolService
ADDED from src/main/AndroidManifest.xml:129:9-131:41
	android:process
		ADDED from src/main/AndroidManifest.xml:131:13-38
	android:name
		ADDED from src/main/AndroidManifest.xml:130:13-57
activity#com.ryg.chapter_2.binderpool.BinderPoolActivity
ADDED from src/main/AndroidManifest.xml:133:9-141:20
	android:label
		ADDED from src/main/AndroidManifest.xml:135:13-63
	android:name
		ADDED from src/main/AndroidManifest.xml:134:13-58
intent-filter#action:name:android.intent.action.MAIN+category:name:android.intent.category.LAUNCHER
ADDED from src/main/AndroidManifest.xml:136:13-140:29
category#android.intent.category.LAUNCHER
ADDED from src/main/AndroidManifest.xml:139:17-77
	android:name
		ADDED from src/main/AndroidManifest.xml:139:27-74
uses-sdk
INJECTED from src/main/AndroidManifest.xml reason: use-sdk injection requested
INJECTED from src/main/AndroidManifest.xml
INJECTED from src/main/AndroidManifest.xml
INJECTED from src/main/AndroidManifest.xml
INJECTED from src/main/AndroidManifest.xml
	android:targetSdkVersion
		INJECTED from src/main/AndroidManifest.xml
		ADDED from src/main/AndroidManifest.xml
		INJECTED from src/main/AndroidManifest.xml
	android:minSdkVersion
		INJECTED from src/main/AndroidManifest.xml
		ADDED from src/main/AndroidManifest.xml
		INJECTED from src/main/AndroidManifest.xml